\BOOKMARK [0][-]{init.0}{\376\377\000F\000r\000o\000n\000t\000\040\000P\000a\000g\000e}{}% 1
\BOOKMARK [0][-]{chapter*.1}{\376\377\000A\000b\000s\000t\000r\000a\000c\000t}{}% 2
\BOOKMARK [0][-]{contents.0}{\376\377\000T\000a\000b\000l\000e\000\040\000o\000f\000\040\000C\000o\000n\000t\000e\000n\000t\000s}{}% 3
\BOOKMARK [0][-]{figures.0}{\376\377\000L\000i\000s\000t\000\040\000o\000f\000\040\000F\000i\000g\000u\000r\000e\000s}{}% 4
\BOOKMARK [0][-]{tables.0}{\376\377\000L\000i\000s\000t\000\040\000o\000f\000\040\000T\000a\000b\000l\000e\000s}{}% 5
\BOOKMARK [0][-]{chapter.1}{\376\377\0001\000\040\000I\000n\000t\000r\000o\000d\000u\000c\000t\000i\000o\000n}{}% 6
\BOOKMARK [1][-]{section.1.1}{\376\377\0001\000.\0001\000\040\000P\000r\000o\000j\000e\000c\000t\000\040\000B\000a\000c\000k\000g\000r\000o\000u\000n\000d\000/\000O\000v\000e\000r\000v\000i\000e\000w}{chapter.1}% 7
\BOOKMARK [1][-]{section.1.2}{\376\377\0001\000.\0002\000\040\000P\000r\000o\000b\000l\000e\000m\000\040\000D\000e\000s\000c\000r\000i\000p\000t\000i\000o\000n}{chapter.1}% 8
\BOOKMARK [1][-]{section.1.3}{\376\377\0001\000.\0003\000\040\000P\000r\000o\000j\000e\000c\000t\000\040\000O\000b\000j\000e\000c\000t\000i\000v\000e\000s}{chapter.1}% 9
\BOOKMARK [1][-]{section.1.4}{\376\377\0001\000.\0004\000\040\000P\000r\000o\000j\000e\000c\000t\000\040\000S\000c\000o\000p\000e}{chapter.1}% 10
\BOOKMARK [0][-]{chapter.2}{\376\377\0002\000\040\000L\000i\000t\000e\000r\000a\000t\000u\000r\000e\000\040\000R\000e\000v\000i\000e\000w}{}% 11
\BOOKMARK [1][-]{section.2.1}{\376\377\0002\000.\0001\000\040\000Z\000a\000m\000e\000e\000n\000.\000c\000o\000m}{chapter.2}% 12
\BOOKMARK [1][-]{section.2.2}{\376\377\0002\000.\0002\000\040\000G\000r\000a\000a\000n\000a}{chapter.2}% 13
\BOOKMARK [0][-]{chapter.3}{\376\377\0003\000\040\000R\000e\000q\000u\000i\000r\000e\000m\000e\000n\000t\000\040\000S\000p\000e\000c\000i\000f\000i\000c\000a\000t\000i\000o\000n\000s}{}% 14
\BOOKMARK [1][-]{section.3.1}{\376\377\0003\000.\0001\000\040\000E\000x\000i\000s\000t\000i\000n\000g\000\040\000S\000y\000s\000t\000e\000m\000\040\000v\000s\000\040\000P\000r\000o\000p\000o\000s\000e\000d\000\040\000S\000y\000s\000t\000e\000m}{chapter.3}% 15
\BOOKMARK [1][-]{section.3.2}{\376\377\0003\000.\0002\000\040\000F\000u\000n\000c\000t\000i\000o\000n\000a\000l\000\040\000C\000R\000M\000\040\000R\000e\000q\000u\000i\000r\000e\000m\000e\000n\000t\000s}{chapter.3}% 16
\BOOKMARK [2][-]{subsection.3.2.1}{\376\377\0003\000.\0002\000.\0001\000\040\000C\000R\000O\000\040\000C\000u\000s\000t\000o\000m\000e\000r\000\040\000S\000e\000r\000v\000i\000c\000e}{section.3.2}% 17
\BOOKMARK [2][-]{subsection.3.2.2}{\376\377\0003\000.\0002\000.\0002\000\040\000C\000l\000i\000e\000n\000t\000\040\000C\000u\000s\000t\000o\000m\000e\000r\000\040\000S\000e\000r\000v\000i\000c\000e\000s}{section.3.2}% 18
\BOOKMARK [1][-]{section.3.3}{\376\377\0003\000.\0003\000\040\000F\000u\000n\000c\000t\000i\000o\000n\000a\000l\000\040\000C\000l\000i\000e\000n\000t\000\040\000R\000e\000q\000u\000i\000r\000e\000m\000e\000n\000t\000s\000\040\000[\000C\000l\000i\000e\000n\000t\000\040\000V\000i\000e\000w\000]}{chapter.3}% 19
\BOOKMARK [2][-]{subsection.3.3.1}{\376\377\0003\000.\0003\000.\0001\000\040\000E\000x\000p\000l\000o\000r\000e\000\040\000a\000s\000\040\000G\000u\000e\000s\000t}{section.3.3}% 20
\BOOKMARK [2][-]{subsection.3.3.2}{\376\377\0003\000.\0003\000.\0002\000\040\000E\000x\000p\000l\000o\000r\000e\000\040\000a\000s\000\040\000R\000e\000g\000i\000s\000t\000e\000r\000e\000d\000\040\000A\000c\000c\000o\000u\000n\000t}{section.3.3}% 21
\BOOKMARK [2][-]{subsection.3.3.3}{\376\377\0003\000.\0003\000.\0003\000\040\000E\000d\000i\000t\000\040\000R\000e\000g\000i\000s\000t\000e\000r\000e\000d\000\040\000A\000c\000c\000o\000u\000n\000t}{section.3.3}% 22
\BOOKMARK [2][-]{subsection.3.3.4}{\376\377\0003\000.\0003\000.\0004\000\040\000B\000o\000o\000k\000\040\000p\000l\000a\000c\000e\000\040\000i\000n\000\040\000p\000r\000o\000j\000e\000c\000t}{section.3.3}% 23
\BOOKMARK [2][-]{subsection.3.3.5}{\376\377\0003\000.\0003\000.\0005\000\040\000T\000r\000a\000c\000k\000\040\000I\000n\000v\000e\000s\000t\000m\000e\000n\000t\000s}{section.3.3}% 24
\BOOKMARK [2][-]{subsection.3.3.6}{\376\377\0003\000.\0003\000.\0006\000\040\000S\000c\000h\000e\000d\000u\000l\000e\000\040\000a\000\040\000M\000e\000e\000t\000i\000n\000g}{section.3.3}% 25
\BOOKMARK [2][-]{subsection.3.3.7}{\376\377\0003\000.\0003\000.\0007\000\040\000S\000e\000a\000r\000c\000h}{section.3.3}% 26
\BOOKMARK [2][-]{subsection.3.3.8}{\376\377\0003\000.\0003\000.\0008\000\040\000A\000d\000d\000\040\000t\000o\000\040\000W\000i\000s\000h\000-\000l\000i\000s\000t}{section.3.3}% 27
\BOOKMARK [2][-]{subsection.3.3.9}{\376\377\0003\000.\0003\000.\0009\000\040\000A\000d\000d\000\040\000n\000e\000w\000\040\000P\000r\000o\000j\000e\000c\000t}{section.3.3}% 28
\BOOKMARK [2][-]{subsection.3.3.10}{\376\377\0003\000.\0003\000.\0001\0000\000\040\000V\000i\000e\000w\000\040\000S\000c\000h\000e\000d\000u\000l\000e\000d\000\040\000M\000e\000e\000t\000i\000n\000g\000s}{section.3.3}% 29
\BOOKMARK [2][-]{subsection.3.3.11}{\376\377\0003\000.\0003\000.\0001\0001\000\040\000C\000r\000e\000a\000t\000e\000\040\000A\000d\000m\000i\000n\000\040\000A\000c\000c\000o\000u\000n\000t\000\040}{section.3.3}% 30
\BOOKMARK [1][-]{section.3.4}{\376\377\0003\000.\0004\000\040\000F\000u\000n\000c\000t\000i\000o\000n\000a\000l\000\040\000E\000R\000P\000\040\000R\000e\000q\000u\000i\000r\000e\000m\000e\000n\000t\000s}{chapter.3}% 31
\BOOKMARK [2][-]{subsection.3.4.1}{\376\377\0003\000.\0004\000.\0001\000\040\000M\000a\000n\000a\000g\000e\000\040\000M\000e\000e\000t\000i\000n\000g\000s\000,\000\040\000P\000a\000y\000m\000e\000n\000t\000s\000\040\000a\000n\000d\000\040\000P\000r\000o\000j\000e\000c\000t\000s}{section.3.4}% 32
\BOOKMARK [2][-]{subsection.3.4.2}{\376\377\0003\000.\0004\000.\0002\000\040\000A\000u\000t\000h\000e\000n\000t\000i\000c\000a\000t\000e\000\040\000P\000a\000y\000m\000e\000n\000t\000s}{section.3.4}% 33
\BOOKMARK [2][-]{subsection.3.4.3}{\376\377\0003\000.\0004\000.\0003\000\040\000C\000r\000e\000a\000t\000e\000\040\000C\000R\000O\000\040\000a\000c\000c\000o\000u\000n\000t}{section.3.4}% 34
\BOOKMARK [1][-]{section.3.5}{\376\377\0003\000.\0005\000\040\000F\000u\000n\000c\000t\000i\000o\000n\000a\000l\000\040\000C\000o\000m\000p\000l\000a\000i\000n\000t\000s\000\040\000R\000e\000q\000u\000i\000r\000e\000m\000e\000n\000t\000s}{chapter.3}% 35
\BOOKMARK [2][-]{subsection.3.5.1}{\376\377\0003\000.\0005\000.\0001\000\040\000R\000e\000g\000i\000s\000t\000e\000r\000\040\000a\000\040\000c\000o\000m\000p\000l\000a\000i\000n\000t}{section.3.5}% 36
\BOOKMARK [2][-]{subsection.3.5.2}{\376\377\0003\000.\0005\000.\0002\000\040\000R\000e\000\040\000s\000e\000n\000d\000\040\000c\000o\000m\000p\000l\000a\000i\000n\000t}{section.3.5}% 37
\BOOKMARK [2][-]{subsection.3.5.3}{\376\377\0003\000.\0005\000.\0003\000\040\000R\000e\000p\000l\000y\000\040\000t\000o\000\040\000a\000\040\000c\000o\000m\000p\000l\000a\000i\000n\000t}{section.3.5}% 38
\BOOKMARK [1][-]{section.3.6}{\376\377\0003\000.\0006\000\040\000N\000o\000n\000\040\000F\000u\000n\000c\000t\000i\000o\000n\000a\000l\000\040\000R\000e\000q\000u\000i\000r\000e\000m\000e\000n\000t\000s}{chapter.3}% 39
\BOOKMARK [2][-]{subsection.3.6.1}{\376\377\0003\000.\0006\000.\0001\000\040\000E\000n\000c\000r\000y\000p\000t\000i\000o\000n}{section.3.6}% 40
\BOOKMARK [2][-]{subsection.3.6.2}{\376\377\0003\000.\0006\000.\0002\000\040\000P\000e\000r\000f\000o\000r\000m\000a\000n\000c\000e}{section.3.6}% 41
\BOOKMARK [2][-]{subsection.3.6.3}{\376\377\0003\000.\0006\000.\0003\000\040\000U\000s\000a\000b\000i\000l\000i\000t\000y}{section.3.6}% 42
\BOOKMARK [1][-]{section.3.7}{\376\377\0003\000.\0007\000\040\000U\000s\000e\000\040\000C\000a\000s\000e\000s}{chapter.3}% 43
\BOOKMARK [2][-]{subsection.3.7.1}{\376\377\0003\000.\0007\000.\0001\000\040\000D\000i\000a\000g\000r\000a\000m\000s}{section.3.7}% 44
\BOOKMARK [2][-]{subsection.3.7.2}{\376\377\0003\000.\0007\000.\0002\000\040\000D\000e\000s\000c\000r\000i\000p\000t\000i\000o\000n\000\040\000T\000a\000b\000l\000e\000s}{section.3.7}% 45
\BOOKMARK [0][-]{chapter.4}{\376\377\0004\000\040\000D\000e\000s\000i\000g\000n}{}% 46
\BOOKMARK [1][-]{section.4.1}{\376\377\0004\000.\0001\000\040\000S\000y\000s\000t\000e\000m\000\040\000A\000r\000c\000h\000i\000t\000e\000c\000t\000u\000r\000e\000\040\000a\000r\000c\000h}{chapter.4}% 47
\BOOKMARK [1][-]{section.4.2}{\376\377\0004\000.\0002\000\040\000D\000e\000s\000i\000g\000n\000\040\000C\000o\000n\000s\000t\000r\000a\000i\000n\000t\000s}{chapter.4}% 48
\BOOKMARK [1][-]{section.4.3}{\376\377\0004\000.\0003\000\040\000D\000e\000s\000i\000g\000n\000\040\000M\000e\000t\000h\000o\000d\000o\000l\000o\000g\000y}{chapter.4}% 49
\BOOKMARK [1][-]{section.4.4}{\376\377\0004\000.\0004\000\040\000H\000i\000g\000h\000\040\000L\000e\000v\000e\000l\000\040\000D\000e\000s\000i\000g\000n}{chapter.4}% 50
\BOOKMARK [2][-]{subsection.4.4.1}{\376\377\0004\000.\0004\000.\0001\000\040\000C\000o\000n\000c\000e\000p\000t\000u\000a\000l\000\040\000o\000r\000\040\000L\000o\000g\000i\000c\000a\000l\000\040\000V\000i\000e\000w}{section.4.4}% 51
\BOOKMARK [2][-]{subsection.4.4.2}{\376\377\0004\000.\0004\000.\0002\000\040\000P\000r\000o\000c\000e\000s\000s}{section.4.4}% 52
\BOOKMARK [2][-]{subsection.4.4.3}{\376\377\0004\000.\0004\000.\0003\000\040\000M\000o\000d\000u\000l\000e}{section.4.4}% 53
\BOOKMARK [2][-]{subsection.4.4.4}{\376\377\0004\000.\0004\000.\0004\000\040\000P\000h\000y\000s\000i\000c\000a\000l}{section.4.4}% 54
\BOOKMARK [2][-]{subsection.4.4.5}{\376\377\0004\000.\0004\000.\0005\000\040\000S\000e\000c\000u\000r\000i\000t\000y}{section.4.4}% 55
\BOOKMARK [1][-]{section.4.5}{\376\377\0004\000.\0005\000\040\000L\000o\000w\000\040\000L\000e\000v\000e\000l\000\040\000D\000e\000s\000i\000g\000n}{chapter.4}% 56
\BOOKMARK [2][-]{subsection.4.5.1}{\376\377\0004\000.\0005\000.\0001\000\040\000M\000o\000b\000i\000l\000e\000\040\000A\000u\000t\000h\000e\000n\000t\000i\000c\000a\000t\000i\000o\000n}{section.4.5}% 57
\BOOKMARK [2][-]{subsection.4.5.2}{\376\377\0004\000.\0005\000.\0002\000\040\000C\000l\000i\000e\000n\000t\000\040\000V\000i\000e\000w}{section.4.5}% 58
\BOOKMARK [2][-]{subsection.4.5.3}{\376\377\0004\000.\0005\000.\0003\000\040\000O\000w\000n\000e\000r\000\040\000V\000i\000e\000w}{section.4.5}% 59
\BOOKMARK [2][-]{subsection.4.5.4}{\376\377\0004\000.\0005\000.\0004\000\040\000C\000R\000M\000\040\000f\000o\000r\000\040\000C\000l\000i\000e\000n\000t}{section.4.5}% 60
\BOOKMARK [2][-]{subsection.4.5.5}{\376\377\0004\000.\0005\000.\0005\000\040\000C\000o\000m\000p\000l\000a\000i\000n\000t\000\040\000M\000a\000n\000a\000g\000e\000m\000e\000n\000t\000\040\000S\000y\000s\000t\000e\000m\000\040\000f\000o\000r\000\040\000C\000l\000i\000e\000n\000t}{section.4.5}% 61
\BOOKMARK [2][-]{subsection.4.5.6}{\376\377\0004\000.\0005\000.\0006\000\040\000W\000e\000b\000\040\000A\000u\000t\000h\000e\000n\000t\000i\000c\000a\000t\000i\000o\000n}{section.4.5}% 62
\BOOKMARK [2][-]{subsection.4.5.7}{\376\377\0004\000.\0005\000.\0007\000\040\000C\000R\000M\000\040\000f\000o\000r\000\040\000A\000g\000e\000n\000t}{section.4.5}% 63
\BOOKMARK [2][-]{subsection.4.5.8}{\376\377\0004\000.\0005\000.\0008\000\040\000E\000R\000P\000\040\000f\000o\000r\000\040\000A\000d\000m\000i\000n}{section.4.5}% 64
\BOOKMARK [1][-]{section.4.6}{\376\377\0004\000.\0006\000\040\000G\000U\000I\000\040\000D\000e\000s\000i\000g\000n}{chapter.4}% 65
\BOOKMARK [2][-]{subsection.4.6.1}{\376\377\0004\000.\0006\000.\0001\000\040\000K\000n\000o\000w\000l\000e\000d\000g\000e\000\040\000i\000n\000\040\000H\000e\000a\000d\000\040\000a\000n\000d\000\040\000W\000o\000r\000l\000d}{section.4.6}% 66
\BOOKMARK [2][-]{subsection.4.6.2}{\376\377\0004\000.\0006\000.\0002\000\040\000V\000i\000s\000i\000b\000i\000l\000i\000t\000y}{section.4.6}% 67
\BOOKMARK [2][-]{subsection.4.6.3}{\376\377\0004\000.\0006\000.\0003\000\040\000M\000a\000p\000p\000i\000n\000g}{section.4.6}% 68
\BOOKMARK [2][-]{subsection.4.6.4}{\376\377\0004\000.\0006\000.\0004\000\040\000C\000o\000n\000s\000t\000r\000a\000i\000n\000t\000s}{section.4.6}% 69
\BOOKMARK [2][-]{subsection.4.6.5}{\376\377\0004\000.\0006\000.\0005\000\040\000S\000i\000m\000p\000l\000i\000f\000y}{section.4.6}% 70
\BOOKMARK [2][-]{subsection.4.6.6}{\376\377\0004\000.\0006\000.\0006\000\040\000S\000t\000a\000n\000d\000a\000r\000d\000i\000z\000e}{section.4.6}% 71
\BOOKMARK [2][-]{subsection.4.6.7}{\376\377\0004\000.\0006\000.\0007\000\040\000E\000r\000r\000o\000r}{section.4.6}% 72
\BOOKMARK [1][-]{section.4.7}{\376\377\0004\000.\0007\000\040\000E\000x\000t\000e\000r\000n\000a\000l\000\040\000I\000n\000t\000e\000r\000f\000a\000c\000e\000s}{chapter.4}% 73
\BOOKMARK [1][-]{section.4.8}{\376\377\0004\000.\0008\000\040\000D\000a\000t\000a\000b\000a\000s\000e\000\040\000D\000e\000s\000i\000g\000n}{chapter.4}% 74
\BOOKMARK [0][-]{chapter.5}{\376\377\0005\000\040\000S\000y\000s\000t\000e\000m\000\040\000I\000m\000p\000l\000e\000m\000e\000n\000t\000a\000t\000i\000o\000n}{}% 75
\BOOKMARK [1][-]{section.5.1}{\376\377\0005\000.\0001\000\040\000T\000o\000o\000l\000s\000\040\000a\000n\000d\000\040\000T\000e\000c\000h\000n\000o\000l\000o\000g\000y\000\040\000U\000s\000e\000d}{chapter.5}% 76
\BOOKMARK [1][-]{section.5.2}{\376\377\0005\000.\0002\000\040\000D\000e\000v\000e\000l\000o\000p\000m\000e\000n\000t\000\040\000E\000n\000v\000i\000r\000o\000n\000m\000e\000n\000t\000/\000L\000a\000n\000g\000u\000a\000g\000e\000s\000\040\000U\000s\000e\000d}{chapter.5}% 77
\BOOKMARK [1][-]{section.5.3}{\376\377\0005\000.\0003\000\040\000P\000r\000o\000c\000e\000s\000s\000i\000n\000g\000\040\000L\000o\000g\000i\000c\000/\000A\000l\000g\000o\000r\000i\000t\000h\000m\000s}{chapter.5}% 78
\BOOKMARK [1][-]{section.5.4}{\376\377\0005\000.\0004\000\040\000A\000p\000p\000l\000i\000c\000a\000t\000i\000o\000n\000\040\000A\000c\000c\000e\000s\000s\000\040\000S\000e\000c\000u\000r\000i\000t\000y}{chapter.5}% 79
\BOOKMARK [1][-]{section.5.5}{\376\377\0005\000.\0005\000\040\000D\000a\000t\000a\000b\000a\000s\000e\000\040\000S\000e\000c\000u\000r\000i\000t\000y}{chapter.5}% 80
\BOOKMARK [0][-]{chapter.6}{\376\377\0006\000\040\000S\000y\000s\000t\000e\000m\000\040\000T\000e\000s\000t\000i\000n\000g\000\040\000a\000n\000d\000\040\000E\000v\000a\000l\000u\000a\000t\000i\000o\000n}{}% 81
\BOOKMARK [1][-]{section.6.1}{\376\377\0006\000.\0001\000\040\000G\000r\000a\000p\000h\000i\000c\000a\000l\000\040\000u\000s\000e\000r\000\040\000i\000n\000t\000e\000r\000f\000a\000c\000e\000\040\000t\000e\000s\000t\000i\000n\000g}{chapter.6}% 82
\BOOKMARK [1][-]{section.6.2}{\376\377\0006\000.\0002\000\040\000U\000s\000a\000b\000i\000l\000i\000t\000y\000\040\000t\000e\000s\000t\000i\000n\000g}{chapter.6}% 83
\BOOKMARK [1][-]{section.6.3}{\376\377\0006\000.\0003\000\040\000S\000o\000f\000t\000w\000a\000r\000e\000\040\000p\000e\000r\000f\000o\000r\000m\000a\000n\000c\000e\000\040\000t\000e\000s\000t\000i\000n\000g}{chapter.6}% 84
\BOOKMARK [1][-]{section.6.4}{\376\377\0006\000.\0004\000\040\000C\000o\000m\000p\000a\000t\000i\000b\000i\000l\000i\000t\000y\000\040\000t\000e\000s\000t\000i\000n\000g}{chapter.6}% 85
\BOOKMARK [1][-]{section.6.5}{\376\377\0006\000.\0005\000\040\000E\000x\000c\000e\000p\000t\000i\000o\000n\000\040\000h\000a\000n\000d\000l\000i\000n\000g}{chapter.6}% 86
\BOOKMARK [1][-]{section.6.6}{\376\377\0006\000.\0006\000\040\000L\000o\000a\000d\000\040\000t\000e\000s\000t\000i\000n\000g}{chapter.6}% 87
\BOOKMARK [1][-]{section.6.7}{\376\377\0006\000.\0007\000\040\000S\000e\000c\000u\000r\000i\000t\000y\000\040\000t\000e\000s\000t\000i\000n\000g}{chapter.6}% 88
\BOOKMARK [1][-]{section.6.8}{\376\377\0006\000.\0008\000\040\000I\000n\000s\000t\000a\000l\000l\000a\000t\000i\000o\000n\000\040\000t\000e\000s\000t\000i\000n\000g}{chapter.6}% 89
\BOOKMARK [1][-]{section.6.9}{\376\377\0006\000.\0009\000\040\000T\000e\000s\000t\000i\000n\000g\000\040\000T\000a\000b\000l\000e\000s}{chapter.6}% 90
\BOOKMARK [0][-]{chapter.7}{\376\377\0007\000\040\000C\000o\000n\000c\000l\000u\000s\000i\000o\000n\000s}{}% 91
\BOOKMARK [0][-]{section*.116}{\376\377\000R\000e\000f\000e\000r\000e\000n\000c\000e\000s}{}% 92
